[debug] [2024-07-26T02:31:44.606Z] ----------------------------------------------------------------------
[debug] [2024-07-26T02:31:44.618Z] Command:       C:\Program Files\nodejs\node.exe C:\Users\sol33\AppData\Roaming\npm\node_modules\firebase-tools\lib\bin\firebase.js functions:shell
[debug] [2024-07-26T02:31:44.621Z] CLI Version:   13.14.0
[debug] [2024-07-26T02:31:44.623Z] Platform:      win32
[debug] [2024-07-26T02:31:44.623Z] Node Version:  v20.13.1
[debug] [2024-07-26T02:31:44.629Z] Time:          Thu Jul 25 2024 22:31:44 GMT-0400 (Eastern Daylight Time)
[debug] [2024-07-26T02:31:44.631Z] ----------------------------------------------------------------------
[debug] 
[debug] [2024-07-26T02:31:44.648Z] >>> [apiv2][query] GET https://firebase-public.firebaseio.com/cli.json [none]
[debug] [2024-07-26T02:31:45.356Z] > command requires scopes: ["email","openid","https://www.googleapis.com/auth/cloudplatformprojects.readonly","https://www.googleapis.com/auth/firebase","https://www.googleapis.com/auth/cloud-platform"]
[debug] [2024-07-26T02:31:45.357Z] > authorizing via signed-in user (sol339844@gmail.com)
[debug] [2024-07-26T02:31:45.358Z] [iam] checking project clone-39a6c for permissions ["firebase.projects.get"]
[debug] [2024-07-26T02:31:45.363Z] > refreshing access token with scopes: []
[debug] [2024-07-26T02:31:45.369Z] >>> [apiv2][query] POST https://www.googleapis.com/oauth2/v3/token [none]
[debug] [2024-07-26T02:31:45.371Z] >>> [apiv2][body] POST https://www.googleapis.com/oauth2/v3/token [omitted]
[debug] [2024-07-26T02:31:45.630Z] <<< [apiv2][status] GET https://firebase-public.firebaseio.com/cli.json 200
[debug] [2024-07-26T02:31:45.631Z] <<< [apiv2][body] GET https://firebase-public.firebaseio.com/cli.json {"cloudBuildErrorAfter":1594252800000,"cloudBuildWarnAfter":1590019200000,"defaultNode10After":1594252800000,"minVersion":"3.0.5","node8DeploysDisabledAfter":1613390400000,"node8RuntimeDisabledAfter":1615809600000,"node8WarnAfter":1600128000000}
[debug] [2024-07-26T02:31:45.670Z] <<< [apiv2][status] POST https://www.googleapis.com/oauth2/v3/token 200
[debug] [2024-07-26T02:31:45.671Z] <<< [apiv2][body] POST https://www.googleapis.com/oauth2/v3/token [omitted]
[debug] [2024-07-26T02:31:45.689Z] >>> [apiv2][query] POST https://cloudresourcemanager.googleapis.com/v1/projects/clone-39a6c:testIamPermissions [none]
[debug] [2024-07-26T02:31:45.689Z] >>> [apiv2][(partial)header] POST https://cloudresourcemanager.googleapis.com/v1/projects/clone-39a6c:testIamPermissions x-goog-quota-user=projects/clone-39a6c
[debug] [2024-07-26T02:31:45.689Z] >>> [apiv2][body] POST https://cloudresourcemanager.googleapis.com/v1/projects/clone-39a6c:testIamPermissions {"permissions":["firebase.projects.get"]}
[debug] [2024-07-26T02:31:45.926Z] <<< [apiv2][status] POST https://cloudresourcemanager.googleapis.com/v1/projects/clone-39a6c:testIamPermissions 200
[debug] [2024-07-26T02:31:45.927Z] <<< [apiv2][body] POST https://cloudresourcemanager.googleapis.com/v1/projects/clone-39a6c:testIamPermissions {"permissions":["firebase.projects.get"]}
[debug] [2024-07-26T02:31:45.930Z] Found locator with mismatched version, ignoring: {"version":"13.13.3","origins":["http://127.0.0.1:4400","http://[::1]:4400"]}
[debug] [2024-07-26T02:31:45.951Z] [functions] Functions Emulator only supports listening on one address (127.0.0.1). Not listening on ::1
[debug] [2024-07-26T02:31:45.962Z] defaultcredentials: writing to file C:\Users\sol33\AppData\Roaming\firebase\sol339844_gmail_com_application_default_credentials.json
[debug] [2024-07-26T02:31:45.967Z] DEBUG: Setting GAC to C:\Users\sol33\AppData\Roaming\firebase\sol339844_gmail_com_application_default_credentials.json
[debug] [2024-07-26T02:31:45.968Z] >>> [apiv2][query] GET https://firebase.googleapis.com/v1beta1/projects/clone-39a6c/adminSdkConfig [none]
[debug] [2024-07-26T02:31:46.371Z] <<< [apiv2][status] GET https://firebase.googleapis.com/v1beta1/projects/clone-39a6c/adminSdkConfig 200
[debug] [2024-07-26T02:31:46.372Z] <<< [apiv2][body] GET https://firebase.googleapis.com/v1beta1/projects/clone-39a6c/adminSdkConfig {"projectId":"clone-39a6c","storageBucket":"clone-39a6c.appspot.com"}
[debug] [2024-07-26T02:31:46.405Z] [functions] Watching "C:\Users\sol33\OneDrive\Documents\Desktop\Amazon- Clone1\amazon-clone2\functions" for Cloud Functions...
[debug] [2024-07-26T02:31:46.416Z] Validating nodejs source
[debug] [2024-07-26T02:31:51.086Z] > [functions] package.json contents: {
  "name": "functions",
  "description": "Cloud Functions for Firebase",
  "scripts": {
    "serve": "firebase emulators:start --only functions",
    "shell": "firebase functions:shell",
    "start": "npm run shell",
    "deploy": "firebase deploy --only functions",
    "logs": "firebase functions:log"
  },
  "engines": {
    "node": "18"
  },
  "main": "index.js",
  "dependencies": {
    "cors": "^2.8.5",
    "dotenv": "^16.4.5",
    "express": "^4.19.2",
    "firebase-admin": "^12.1.0",
    "firebase-functions": "^5.0.0",
    "stripe": "^16.2.0"
  },
  "devDependencies": {
    "firebase-functions-test": "^3.1.0"
  },
  "private": true
}
[debug] [2024-07-26T02:31:51.087Z] Building nodejs source
[debug] [2024-07-26T02:31:51.088Z] Failed to find version of module node: reached end of search path C:\Users\sol33\OneDrive\Documents\Desktop\Amazon- Clone1\amazon-clone2\functions\node_modules
[warn] !  functions: Your requested "node" version "18" doesn't match your global version "20". Using node@20 from host. 
[info] i  functions: Loaded environment variables from .env. 
[debug] [2024-07-26T02:31:51.108Z] Could not find functions.yaml. Must use http discovery
[debug] [2024-07-26T02:31:51.149Z] Found firebase-functions binary at 'C:\Users\sol33\OneDrive\Documents\Desktop\Amazon- Clone1\amazon-clone2\functions\node_modules\.bin\firebase-functions'
[info] Serving at port 8497

[debug] [2024-07-26T02:31:54.858Z] Got response from /__/functions.yaml {"endpoints":{"api":{"availableMemoryMb":null,"timeoutSeconds":null,"minInstances":null,"maxInstances":null,"ingressSettings":null,"concurrency":null,"serviceAccountEmail":null,"vpc":null,"platform":"gcfv2","labels":{},"httpsTrigger":{},"entryPoint":"api"}},"specVersion":"v1alpha1","requiredAPIs":[]}
[debug] [2024-07-26T02:31:59.943Z] [functions] Loaded functions definitions from source: api.
[debug] [2024-07-26T02:31:59.945Z] [functions[us-central1-api]] http function initialized (http://127.0.0.1:5000/clone-39a6c/us-central1/api).
[info] i  functions: Loaded functions: api 
[warn] !  functions: The following emulators are not running, calls to these services will affect production: firestore, database, pubsub, storage, eventarc 
[debug] [2024-07-26T02:36:14.654Z] ----------------------------------------------------------------------
[debug] [2024-07-26T02:36:14.679Z] Command:       C:\Program Files\nodejs\node.exe C:\Users\sol33\AppData\Roaming\npm\node_modules\firebase-tools\lib\bin\firebase.js functions:shell
[debug] [2024-07-26T02:36:14.689Z] CLI Version:   13.14.0
[debug] [2024-07-26T02:36:14.692Z] Platform:      win32
[debug] [2024-07-26T02:36:14.692Z] Node Version:  v20.13.1
[debug] [2024-07-26T02:36:14.694Z] Time:          Thu Jul 25 2024 22:36:14 GMT-0400 (Eastern Daylight Time)
[debug] [2024-07-26T02:36:14.697Z] ----------------------------------------------------------------------
[debug] 
[debug] [2024-07-26T02:36:15.410Z] > command requires scopes: ["email","openid","https://www.googleapis.com/auth/cloudplatformprojects.readonly","https://www.googleapis.com/auth/firebase","https://www.googleapis.com/auth/cloud-platform"]
[debug] [2024-07-26T02:36:15.411Z] > authorizing via signed-in user (sol339844@gmail.com)
[debug] [2024-07-26T02:36:15.412Z] [iam] checking project clone-39a6c for permissions ["firebase.projects.get"]
[debug] [2024-07-26T02:36:15.420Z] >>> [apiv2][query] POST https://cloudresourcemanager.googleapis.com/v1/projects/clone-39a6c:testIamPermissions [none]
[debug] [2024-07-26T02:36:15.421Z] >>> [apiv2][(partial)header] POST https://cloudresourcemanager.googleapis.com/v1/projects/clone-39a6c:testIamPermissions x-goog-quota-user=projects/clone-39a6c
[debug] [2024-07-26T02:36:15.422Z] >>> [apiv2][body] POST https://cloudresourcemanager.googleapis.com/v1/projects/clone-39a6c:testIamPermissions {"permissions":["firebase.projects.get"]}
[debug] [2024-07-26T02:36:16.332Z] <<< [apiv2][status] POST https://cloudresourcemanager.googleapis.com/v1/projects/clone-39a6c:testIamPermissions 200
[debug] [2024-07-26T02:36:16.334Z] <<< [apiv2][body] POST https://cloudresourcemanager.googleapis.com/v1/projects/clone-39a6c:testIamPermissions {"permissions":["firebase.projects.get"]}
[debug] [2024-07-26T02:36:16.339Z] Found locator with mismatched version, ignoring: {"version":"13.13.3","origins":["http://127.0.0.1:4400","http://[::1]:4400"]}
[debug] [2024-07-26T02:36:16.354Z] [functions] Functions Emulator only supports listening on one address (127.0.0.1). Not listening on ::1
[debug] [2024-07-26T02:36:16.361Z] defaultcredentials: writing to file C:\Users\sol33\AppData\Roaming\firebase\sol339844_gmail_com_application_default_credentials.json
[debug] [2024-07-26T02:36:16.366Z] DEBUG: Setting GAC to C:\Users\sol33\AppData\Roaming\firebase\sol339844_gmail_com_application_default_credentials.json
[debug] [2024-07-26T02:36:16.367Z] >>> [apiv2][query] GET https://firebase.googleapis.com/v1beta1/projects/clone-39a6c/adminSdkConfig [none]
[debug] [2024-07-26T02:36:16.819Z] <<< [apiv2][status] GET https://firebase.googleapis.com/v1beta1/projects/clone-39a6c/adminSdkConfig 200
[debug] [2024-07-26T02:36:16.820Z] <<< [apiv2][body] GET https://firebase.googleapis.com/v1beta1/projects/clone-39a6c/adminSdkConfig {"projectId":"clone-39a6c","storageBucket":"clone-39a6c.appspot.com"}
[debug] [2024-07-26T02:36:16.856Z] [functions] Watching "C:\Users\sol33\OneDrive\Documents\Desktop\Amazon- Clone1\amazon-clone2\functions" for Cloud Functions...
[debug] [2024-07-26T02:36:16.869Z] Validating nodejs source
[debug] [2024-07-26T02:36:20.866Z] > [functions] package.json contents: {
  "name": "functions",
  "description": "Cloud Functions for Firebase",
  "scripts": {
    "serve": "firebase emulators:start --only functions",
    "shell": "firebase functions:shell",
    "start": "npm run shell",
    "deploy": "firebase deploy --only functions",
    "logs": "firebase functions:log"
  },
  "engines": {
    "node": "18"
  },
  "main": "index.js",
  "dependencies": {
    "cors": "^2.8.5",
    "dotenv": "^16.4.5",
    "express": "^4.19.2",
    "firebase-admin": "^12.1.0",
    "firebase-functions": "^5.0.0",
    "stripe": "^16.2.0"
  },
  "devDependencies": {
    "firebase-functions-test": "^3.1.0"
  },
  "private": true
}
[debug] [2024-07-26T02:36:20.868Z] Building nodejs source
[debug] [2024-07-26T02:36:20.870Z] Failed to find version of module node: reached end of search path C:\Users\sol33\OneDrive\Documents\Desktop\Amazon- Clone1\amazon-clone2\functions\node_modules
[warn] !  functions: Your requested "node" version "18" doesn't match your global version "20". Using node@20 from host. 
[info] i  functions: Loaded environment variables from .env. 
[debug] [2024-07-26T02:36:20.887Z] Could not find functions.yaml. Must use http discovery
[debug] [2024-07-26T02:36:20.914Z] Found firebase-functions binary at 'C:\Users\sol33\OneDrive\Documents\Desktop\Amazon- Clone1\amazon-clone2\functions\node_modules\.bin\firebase-functions'
[info] Serving at port 8245

[debug] [2024-07-26T02:36:23.723Z] Got response from /__/functions.yaml {"endpoints":{"api":{"availableMemoryMb":null,"timeoutSeconds":null,"minInstances":null,"maxInstances":null,"ingressSettings":null,"concurrency":null,"serviceAccountEmail":null,"vpc":null,"platform":"gcfv2","labels":{},"httpsTrigger":{},"entryPoint":"api"}},"specVersion":"v1alpha1","requiredAPIs":[]}
[debug] [2024-07-26T02:36:28.786Z] [functions] Loaded functions definitions from source: api.
[debug] [2024-07-26T02:36:28.787Z] [functions[us-central1-api]] http function initialized (http://127.0.0.1:5000/clone-39a6c/us-central1/api).
[info] i  functions: Loaded functions: api 
[warn] !  functions: The following emulators are not running, calls to these services will affect production: firestore, database, pubsub, storage, eventarc 
[debug] [2024-07-26T02:38:16.539Z] ----------------------------------------------------------------------
[debug] [2024-07-26T02:38:16.553Z] Command:       C:\Program Files\nodejs\node.exe C:\Users\sol33\AppData\Roaming\npm\node_modules\firebase-tools\lib\bin\firebase.js emulators:start
[debug] [2024-07-26T02:38:16.556Z] CLI Version:   13.14.0
[debug] [2024-07-26T02:38:16.557Z] Platform:      win32
[debug] [2024-07-26T02:38:16.558Z] Node Version:  v20.13.1
[debug] [2024-07-26T02:38:16.558Z] Time:          Thu Jul 25 2024 22:38:16 GMT-0400 (Eastern Daylight Time)
[debug] [2024-07-26T02:38:16.560Z] ----------------------------------------------------------------------
[debug] 
[debug] [2024-07-26T02:38:17.591Z] > command requires scopes: ["email","openid","https://www.googleapis.com/auth/cloudplatformprojects.readonly","https://www.googleapis.com/auth/firebase","https://www.googleapis.com/auth/cloud-platform"]
[debug] [2024-07-26T02:38:17.595Z] > authorizing via signed-in user (sol339844@gmail.com)
[info] i  emulators: Starting emulators: functions {"metadata":{"emulator":{"name":"hub"},"message":"Starting emulators: functions"}}
[debug] [2024-07-26T02:38:17.735Z] [logging] Logging Emulator only supports listening on one address (127.0.0.1). Not listening on ::1
[debug] [2024-07-26T02:38:17.739Z] assigned listening specs for emulators {"user":{"hub":[{"address":"127.0.0.1","family":"IPv4","port":4400},{"address":"::1","family":"IPv6","port":4400}],"ui":[{"address":"127.0.0.1","family":"IPv4","port":4000},{"address":"::1","family":"IPv6","port":4000}],"logging":[{"address":"127.0.0.1","family":"IPv4","port":4500}]},"metadata":{"message":"assigned listening specs for emulators"}}
[warn] !  emulators: It seems that you are running multiple instances of the emulator suite for project clone-39a6c. This may result in unexpected behavior. 
[debug] [2024-07-26T02:38:17.798Z] [hub] writing locator at C:\Users\sol33\AppData\Local\Temp\hub-clone-39a6c.json
[debug] [2024-07-26T02:38:18.018Z] [functions] Functions Emulator only supports listening on one address (127.0.0.1). Not listening on ::1
[debug] [2024-07-26T02:38:18.020Z] [eventarc] Eventarc Emulator only supports listening on one address (127.0.0.1). Not listening on ::1
[debug] [2024-07-26T02:38:18.021Z] late-assigned ports for functions and eventarc emulators {"user":{"hub":[{"address":"127.0.0.1","family":"IPv4","port":4400},{"address":"::1","family":"IPv6","port":4400}],"ui":[{"address":"127.0.0.1","family":"IPv4","port":4000},{"address":"::1","family":"IPv6","port":4000}],"logging":[{"address":"127.0.0.1","family":"IPv4","port":4500}],"functions":[{"address":"127.0.0.1","family":"IPv4","port":5001}],"eventarc":[{"address":"127.0.0.1","family":"IPv4","port":9299}]},"metadata":{"message":"late-assigned ports for functions and eventarc emulators"}}
[warn] !  functions: The following emulators are not running, calls to these services from the Functions emulator will affect production: auth, firestore, database, hosting, pubsub, storage, dataconnect {"metadata":{"emulator":{"name":"functions"},"message":"The following emulators are not running, calls to these services from the Functions emulator will affect production: \u001b[1mauth, firestore, database, hosting, pubsub, storage, dataconnect\u001b[22m"}}
[debug] [2024-07-26T02:38:18.079Z] defaultcredentials: writing to file C:\Users\sol33\AppData\Roaming\firebase\sol339844_gmail_com_application_default_credentials.json
[debug] [2024-07-26T02:38:18.168Z] Setting GAC to C:\Users\sol33\AppData\Roaming\firebase\sol339844_gmail_com_application_default_credentials.json {"metadata":{"emulator":{"name":"functions"},"message":"Setting GAC to C:\\Users\\sol33\\AppData\\Roaming\\firebase\\sol339844_gmail_com_application_default_credentials.json"}}
[debug] [2024-07-26T02:38:18.183Z] >>> [apiv2][query] GET https://firebase.googleapis.com/v1beta1/projects/clone-39a6c/adminSdkConfig [none]
[debug] [2024-07-26T02:38:18.727Z] <<< [apiv2][status] GET https://firebase.googleapis.com/v1beta1/projects/clone-39a6c/adminSdkConfig 200
[debug] [2024-07-26T02:38:18.729Z] <<< [apiv2][body] GET https://firebase.googleapis.com/v1beta1/projects/clone-39a6c/adminSdkConfig {"projectId":"clone-39a6c","storageBucket":"clone-39a6c.appspot.com"}
[info] i  ui: downloading ui-v1.13.0.zip... {"metadata":{"emulator":{"name":"ui"},"message":"downloading ui-v1.13.0.zip..."}}
[debug] [2024-07-26T02:38:18.886Z] >>> [apiv2][query] GET https://storage.googleapis.com/firebase-preview-drop/emulator/ui-v1.13.0.zip 
[debug] [2024-07-26T02:38:19.095Z] <<< [apiv2][status] GET https://storage.googleapis.com/firebase-preview-drop/emulator/ui-v1.13.0.zip 200
[debug] [2024-07-26T02:38:19.097Z] <<< [apiv2][body] GET https://storage.googleapis.com/firebase-preview-drop/emulator/ui-v1.13.0.zip [stream]
[debug] [2024-07-26T02:38:21.278Z] Data is 3605485
[debug] [2024-07-26T02:38:21.288Z] [unzip] Entry: client/ (compressed_size=0 bytes, uncompressed_size=0 bytes)
[debug] [2024-07-26T02:38:21.289Z] [unzip] Processing entry: client\
[debug] [2024-07-26T02:38:21.289Z] [unzip] mkdir: C:\Users\sol33\.cache\firebase\emulators\ui-v1.13.0\client\
[debug] [2024-07-26T02:38:21.294Z] [unzip] Entry: client/favicon-16x16.png (compressed_size=293 bytes, uncompressed_size=293 bytes)
[debug] [2024-07-26T02:38:21.294Z] [unzip] Processing entry: client\favicon-16x16.png
[debug] [2024-07-26T02:38:21.295Z] [unzip] else mkdir: C:\Users\sol33\.cache\firebase\emulators\ui-v1.13.0\client
[debug] [2024-07-26T02:38:21.297Z] [unzip] Writing file: C:\Users\sol33\.cache\firebase\emulators\ui-v1.13.0\client\favicon-16x16.png
[debug] [2024-07-26T02:38:21.302Z] [unzip] Entry: client/safari-pinned-tab.svg (compressed_size=1433 bytes, uncompressed_size=2611 bytes)
[debug] [2024-07-26T02:38:21.303Z] [unzip] Processing entry: client\safari-pinned-tab.svg
[debug] [2024-07-26T02:38:21.303Z] [unzip] else mkdir: C:\Users\sol33\.cache\firebase\emulators\ui-v1.13.0\client
[debug] [2024-07-26T02:38:21.304Z] [unzip] deflating: C:\Users\sol33\.cache\firebase\emulators\ui-v1.13.0\client\safari-pinned-tab.svg
[debug] [2024-07-26T02:38:21.345Z] [unzip] Entry: client/favicon.ico (compressed_size=2933 bytes, uncompressed_size=13294 bytes)
[debug] [2024-07-26T02:38:21.346Z] [unzip] Processing entry: client\favicon.ico
[debug] [2024-07-26T02:38:21.347Z] [unzip] else mkdir: C:\Users\sol33\.cache\firebase\emulators\ui-v1.13.0\client
[debug] [2024-07-26T02:38:21.348Z] [unzip] deflating: C:\Users\sol33\.cache\firebase\emulators\ui-v1.13.0\client\favicon.ico
[debug] [2024-07-26T02:38:21.358Z] [unzip] Entry: client/index.html (compressed_size=1361 bytes, uncompressed_size=3071 bytes)
[debug] [2024-07-26T02:38:21.358Z] [unzip] Processing entry: client\index.html
[debug] [2024-07-26T02:38:21.358Z] [unzip] else mkdir: C:\Users\sol33\.cache\firebase\emulators\ui-v1.13.0\client
[debug] [2024-07-26T02:38:21.360Z] [unzip] deflating: C:\Users\sol33\.cache\firebase\emulators\ui-v1.13.0\client\index.html
[debug] [2024-07-26T02:38:21.365Z] [unzip] Entry: client/android-chrome-192x192.png (compressed_size=2684 bytes, uncompressed_size=2684 bytes)
[debug] [2024-07-26T02:38:21.365Z] [unzip] Processing entry: client\android-chrome-192x192.png
[debug] [2024-07-26T02:38:21.365Z] [unzip] else mkdir: C:\Users\sol33\.cache\firebase\emulators\ui-v1.13.0\client
[debug] [2024-07-26T02:38:21.366Z] [unzip] Writing file: C:\Users\sol33\.cache\firebase\emulators\ui-v1.13.0\client\android-chrome-192x192.png
[debug] [2024-07-26T02:38:21.369Z] [unzip] Entry: client/apple-touch-icon.png (compressed_size=2123 bytes, uncompressed_size=2152 bytes)
[debug] [2024-07-26T02:38:21.370Z] [unzip] Processing entry: client\apple-touch-icon.png
[debug] [2024-07-26T02:38:21.370Z] [unzip] else mkdir: C:\Users\sol33\.cache\firebase\emulators\ui-v1.13.0\client
[debug] [2024-07-26T02:38:21.371Z] [unzip] deflating: C:\Users\sol33\.cache\firebase\emulators\ui-v1.13.0\client\apple-touch-icon.png
[debug] [2024-07-26T02:38:21.387Z] [unzip] Entry: client/android-chrome-512x512.png (compressed_size=5369 bytes, uncompressed_size=5411 bytes)
[debug] [2024-07-26T02:38:21.388Z] [unzip] Processing entry: client\android-chrome-512x512.png
[debug] [2024-07-26T02:38:21.388Z] [unzip] else mkdir: C:\Users\sol33\.cache\firebase\emulators\ui-v1.13.0\client
[debug] [2024-07-26T02:38:21.392Z] [unzip] deflating: C:\Users\sol33\.cache\firebase\emulators\ui-v1.13.0\client\android-chrome-512x512.png
[debug] [2024-07-26T02:38:21.408Z] [unzip] Entry: client/manifest.json (compressed_size=245 bytes, uncompressed_size=551 bytes)
[debug] [2024-07-26T02:38:21.408Z] [unzip] Processing entry: client\manifest.json
[debug] [2024-07-26T02:38:21.409Z] [unzip] else mkdir: C:\Users\sol33\.cache\firebase\emulators\ui-v1.13.0\client
[debug] [2024-07-26T02:38:21.416Z] [unzip] deflating: C:\Users\sol33\.cache\firebase\emulators\ui-v1.13.0\client\manifest.json
[debug] [2024-07-26T02:38:21.422Z] [unzip] Entry: client/robots.txt (compressed_size=26 bytes, uncompressed_size=26 bytes)
[debug] [2024-07-26T02:38:21.423Z] [unzip] Processing entry: client\robots.txt
[debug] [2024-07-26T02:38:21.423Z] [unzip] else mkdir: C:\Users\sol33\.cache\firebase\emulators\ui-v1.13.0\client
[debug] [2024-07-26T02:38:21.425Z] [unzip] Writing file: C:\Users\sol33\.cache\firebase\emulators\ui-v1.13.0\client\robots.txt
[debug] [2024-07-26T02:38:21.439Z] [unzip] Entry: client/mstile-150x150.png (compressed_size=2034 bytes, uncompressed_size=2034 bytes)
[debug] [2024-07-26T02:38:21.440Z] [unzip] Processing entry: client\mstile-150x150.png
[debug] [2024-07-26T02:38:21.440Z] [unzip] else mkdir: C:\Users\sol33\.cache\firebase\emulators\ui-v1.13.0\client
[debug] [2024-07-26T02:38:21.445Z] [unzip] Writing file: C:\Users\sol33\.cache\firebase\emulators\ui-v1.13.0\client\mstile-150x150.png
[debug] [2024-07-26T02:38:21.452Z] [unzip] Entry: client/assets/ (compressed_size=0 bytes, uncompressed_size=0 bytes)
[debug] [2024-07-26T02:38:21.455Z] [unzip] Processing entry: client\assets\
[debug] [2024-07-26T02:38:21.456Z] [unzip] mkdir: C:\Users\sol33\.cache\firebase\emulators\ui-v1.13.0\client\assets\
[debug] [2024-07-26T02:38:21.458Z] [unzip] Entry: client/assets/index-I-mhtQda.js.map (compressed_size=2322562 bytes, uncompressed_size=9922747 bytes)
[debug] [2024-07-26T02:38:21.459Z] [unzip] Processing entry: client\assets\index-I-mhtQda.js.map
[debug] [2024-07-26T02:38:21.459Z] [unzip] else mkdir: C:\Users\sol33\.cache\firebase\emulators\ui-v1.13.0\client\assets
[debug] [2024-07-26T02:38:21.465Z] [unzip] deflating: C:\Users\sol33\.cache\firebase\emulators\ui-v1.13.0\client\assets\index-I-mhtQda.js.map
[debug] [2024-07-26T02:38:22.148Z] [unzip] Entry: client/assets/index-BdgySamB.css (compressed_size=35979 bytes, uncompressed_size=298654 bytes)
[debug] [2024-07-26T02:38:22.148Z] [unzip] Processing entry: client\assets\index-BdgySamB.css
[debug] [2024-07-26T02:38:22.148Z] [unzip] else mkdir: C:\Users\sol33\.cache\firebase\emulators\ui-v1.13.0\client\assets
[debug] [2024-07-26T02:38:22.149Z] [unzip] deflating: C:\Users\sol33\.cache\firebase\emulators\ui-v1.13.0\client\assets\index-BdgySamB.css
[debug] [2024-07-26T02:38:22.165Z] [unzip] Entry: client/assets/index-I-mhtQda.js (compressed_size=565968 bytes, uncompressed_size=2030855 bytes)
[debug] [2024-07-26T02:38:22.166Z] [unzip] Processing entry: client\assets\index-I-mhtQda.js
[debug] [2024-07-26T02:38:22.166Z] [unzip] else mkdir: C:\Users\sol33\.cache\firebase\emulators\ui-v1.13.0\client\assets
[debug] [2024-07-26T02:38:22.167Z] [unzip] deflating: C:\Users\sol33\.cache\firebase\emulators\ui-v1.13.0\client\assets\index-I-mhtQda.js
[debug] [2024-07-26T02:38:22.278Z] [unzip] Entry: client/assets/extensions/ (compressed_size=0 bytes, uncompressed_size=0 bytes)
[debug] [2024-07-26T02:38:22.279Z] [unzip] Processing entry: client\assets\extensions\
[debug] [2024-07-26T02:38:22.280Z] [unzip] mkdir: C:\Users\sol33\.cache\firebase\emulators\ui-v1.13.0\client\assets\extensions\
[debug] [2024-07-26T02:38:22.285Z] [unzip] Entry: client/assets/extensions/default-extension.png (compressed_size=1646 bytes, uncompressed_size=1657 bytes)
[debug] [2024-07-26T02:38:22.286Z] [unzip] Processing entry: client\assets\extensions\default-extension.png
[debug] [2024-07-26T02:38:22.287Z] [unzip] else mkdir: C:\Users\sol33\.cache\firebase\emulators\ui-v1.13.0\client\assets\extensions
[debug] [2024-07-26T02:38:22.288Z] [unzip] deflating: C:\Users\sol33\.cache\firebase\emulators\ui-v1.13.0\client\assets\extensions\default-extension.png
[debug] [2024-07-26T02:38:22.307Z] [unzip] Entry: client/assets/img/ (compressed_size=0 bytes, uncompressed_size=0 bytes)
[debug] [2024-07-26T02:38:22.309Z] [unzip] Processing entry: client\assets\img\
[debug] [2024-07-26T02:38:22.313Z] [unzip] mkdir: C:\Users\sol33\.cache\firebase\emulators\ui-v1.13.0\client\assets\img\
[debug] [2024-07-26T02:38:22.315Z] [unzip] Entry: client/assets/img/database.png (compressed_size=29449 bytes, uncompressed_size=29988 bytes)
[debug] [2024-07-26T02:38:22.317Z] [unzip] Processing entry: client\assets\img\database.png
[debug] [2024-07-26T02:38:22.317Z] [unzip] else mkdir: C:\Users\sol33\.cache\firebase\emulators\ui-v1.13.0\client\assets\img
[debug] [2024-07-26T02:38:22.325Z] [unzip] deflating: C:\Users\sol33\.cache\firebase\emulators\ui-v1.13.0\client\assets\img\database.png
[debug] [2024-07-26T02:38:22.336Z] [unzip] Entry: client/assets/provider-icons/ (compressed_size=0 bytes, uncompressed_size=0 bytes)
[debug] [2024-07-26T02:38:22.336Z] [unzip] Processing entry: client\assets\provider-icons\
[debug] [2024-07-26T02:38:22.337Z] [unzip] mkdir: C:\Users\sol33\.cache\firebase\emulators\ui-v1.13.0\client\assets\provider-icons\
[debug] [2024-07-26T02:38:22.340Z] [unzip] Entry: client/assets/provider-icons/auth_service_saml.svg (compressed_size=575 bytes, uncompressed_size=1226 bytes)
[debug] [2024-07-26T02:38:22.340Z] [unzip] Processing entry: client\assets\provider-icons\auth_service_saml.svg
[debug] [2024-07-26T02:38:22.341Z] [unzip] else mkdir: C:\Users\sol33\.cache\firebase\emulators\ui-v1.13.0\client\assets\provider-icons
[debug] [2024-07-26T02:38:22.343Z] [unzip] deflating: C:\Users\sol33\.cache\firebase\emulators\ui-v1.13.0\client\assets\provider-icons\auth_service_saml.svg
[debug] [2024-07-26T02:38:22.355Z] [unzip] Entry: client/assets/provider-icons/auth_service_phone.svg (compressed_size=261 bytes, uncompressed_size=414 bytes)
[debug] [2024-07-26T02:38:22.356Z] [unzip] Processing entry: client\assets\provider-icons\auth_service_phone.svg
[debug] [2024-07-26T02:38:22.356Z] [unzip] else mkdir: C:\Users\sol33\.cache\firebase\emulators\ui-v1.13.0\client\assets\provider-icons
[debug] [2024-07-26T02:38:22.357Z] [unzip] deflating: C:\Users\sol33\.cache\firebase\emulators\ui-v1.13.0\client\assets\provider-icons\auth_service_phone.svg
[debug] [2024-07-26T02:38:22.362Z] [unzip] Entry: client/assets/provider-icons/auth_service_facebook.svg (compressed_size=289 bytes, uncompressed_size=457 bytes)
[debug] [2024-07-26T02:38:22.364Z] [unzip] Processing entry: client\assets\provider-icons\auth_service_facebook.svg
[debug] [2024-07-26T02:38:22.364Z] [unzip] else mkdir: C:\Users\sol33\.cache\firebase\emulators\ui-v1.13.0\client\assets\provider-icons
[debug] [2024-07-26T02:38:22.367Z] [unzip] deflating: C:\Users\sol33\.cache\firebase\emulators\ui-v1.13.0\client\assets\provider-icons\auth_service_facebook.svg
[debug] [2024-07-26T02:38:22.372Z] [unzip] Entry: client/assets/provider-icons/auth_service_game_center.svg (compressed_size=991 bytes, uncompressed_size=3921 bytes)
[debug] [2024-07-26T02:38:22.373Z] [unzip] Processing entry: client\assets\provider-icons\auth_service_game_center.svg
[debug] [2024-07-26T02:38:22.376Z] [unzip] else mkdir: C:\Users\sol33\.cache\firebase\emulators\ui-v1.13.0\client\assets\provider-icons
[debug] [2024-07-26T02:38:22.379Z] [unzip] deflating: C:\Users\sol33\.cache\firebase\emulators\ui-v1.13.0\client\assets\provider-icons\auth_service_game_center.svg
[debug] [2024-07-26T02:38:22.386Z] [unzip] Entry: client/assets/provider-icons/auth_service_apple.svg (compressed_size=230 bytes, uncompressed_size=334 bytes)
[debug] [2024-07-26T02:38:22.386Z] [unzip] Processing entry: client\assets\provider-icons\auth_service_apple.svg
[debug] [2024-07-26T02:38:22.386Z] [unzip] else mkdir: C:\Users\sol33\.cache\firebase\emulators\ui-v1.13.0\client\assets\provider-icons
[debug] [2024-07-26T02:38:22.387Z] [unzip] deflating: C:\Users\sol33\.cache\firebase\emulators\ui-v1.13.0\client\assets\provider-icons\auth_service_apple.svg
[debug] [2024-07-26T02:38:22.390Z] [unzip] Entry: client/assets/provider-icons/auth_service_github.svg (compressed_size=466 bytes, uncompressed_size=838 bytes)
[debug] [2024-07-26T02:38:22.391Z] [unzip] Processing entry: client\assets\provider-icons\auth_service_github.svg
[debug] [2024-07-26T02:38:22.392Z] [unzip] else mkdir: C:\Users\sol33\.cache\firebase\emulators\ui-v1.13.0\client\assets\provider-icons
[debug] [2024-07-26T02:38:22.397Z] [unzip] deflating: C:\Users\sol33\.cache\firebase\emulators\ui-v1.13.0\client\assets\provider-icons\auth_service_github.svg
[debug] [2024-07-26T02:38:22.403Z] [unzip] Entry: client/assets/provider-icons/auth_service_mslive.svg (compressed_size=203 bytes, uncompressed_size=378 bytes)
[debug] [2024-07-26T02:38:22.404Z] [unzip] Processing entry: client\assets\provider-icons\auth_service_mslive.svg
[debug] [2024-07-26T02:38:22.404Z] [unzip] else mkdir: C:\Users\sol33\.cache\firebase\emulators\ui-v1.13.0\client\assets\provider-icons
[debug] [2024-07-26T02:38:22.405Z] [unzip] deflating: C:\Users\sol33\.cache\firebase\emulators\ui-v1.13.0\client\assets\provider-icons\auth_service_mslive.svg
[debug] [2024-07-26T02:38:22.417Z] [unzip] Entry: client/assets/provider-icons/auth_service_yahoo.svg (compressed_size=577 bytes, uncompressed_size=1182 bytes)
[debug] [2024-07-26T02:38:22.417Z] [unzip] Processing entry: client\assets\provider-icons\auth_service_yahoo.svg
[debug] [2024-07-26T02:38:22.418Z] [unzip] else mkdir: C:\Users\sol33\.cache\firebase\emulators\ui-v1.13.0\client\assets\provider-icons
[debug] [2024-07-26T02:38:22.419Z] [unzip] deflating: C:\Users\sol33\.cache\firebase\emulators\ui-v1.13.0\client\assets\provider-icons\auth_service_yahoo.svg
[debug] [2024-07-26T02:38:22.428Z] [unzip] Entry: client/assets/provider-icons/auth_service_twitter.svg (compressed_size=444 bytes, uncompressed_size=751 bytes)
[debug] [2024-07-26T02:38:22.429Z] [unzip] Processing entry: client\assets\provider-icons\auth_service_twitter.svg
[debug] [2024-07-26T02:38:22.429Z] [unzip] else mkdir: C:\Users\sol33\.cache\firebase\emulators\ui-v1.13.0\client\assets\provider-icons
[debug] [2024-07-26T02:38:22.430Z] [unzip] deflating: C:\Users\sol33\.cache\firebase\emulators\ui-v1.13.0\client\assets\provider-icons\auth_service_twitter.svg
[debug] [2024-07-26T02:38:22.440Z] [unzip] Entry: client/assets/provider-icons/auth_service_play_games.svg (compressed_size=565 bytes, uncompressed_size=1173 bytes)
[debug] [2024-07-26T02:38:22.440Z] [unzip] Processing entry: client\assets\provider-icons\auth_service_play_games.svg
[debug] [2024-07-26T02:38:22.441Z] [unzip] else mkdir: C:\Users\sol33\.cache\firebase\emulators\ui-v1.13.0\client\assets\provider-icons
[debug] [2024-07-26T02:38:22.444Z] [unzip] deflating: C:\Users\sol33\.cache\firebase\emulators\ui-v1.13.0\client\assets\provider-icons\auth_service_play_games.svg
[debug] [2024-07-26T02:38:22.449Z] [unzip] Entry: client/assets/provider-icons/auth_service_email.svg (compressed_size=228 bytes, uncompressed_size=326 bytes)
[debug] [2024-07-26T02:38:22.450Z] [unzip] Processing entry: client\assets\provider-icons\auth_service_email.svg
[debug] [2024-07-26T02:38:22.451Z] [unzip] else mkdir: C:\Users\sol33\.cache\firebase\emulators\ui-v1.13.0\client\assets\provider-icons
[debug] [2024-07-26T02:38:22.456Z] [unzip] deflating: C:\Users\sol33\.cache\firebase\emulators\ui-v1.13.0\client\assets\provider-icons\auth_service_email.svg
[debug] [2024-07-26T02:38:22.461Z] [unzip] Entry: client/assets/provider-icons/auth_service_google.svg (compressed_size=409 bytes, uncompressed_size=720 bytes)
[debug] [2024-07-26T02:38:22.467Z] [unzip] Processing entry: client\assets\provider-icons\auth_service_google.svg
[debug] [2024-07-26T02:38:22.467Z] [unzip] else mkdir: C:\Users\sol33\.cache\firebase\emulators\ui-v1.13.0\client\assets\provider-icons
[debug] [2024-07-26T02:38:22.468Z] [unzip] deflating: C:\Users\sol33\.cache\firebase\emulators\ui-v1.13.0\client\assets\provider-icons\auth_service_google.svg
[debug] [2024-07-26T02:38:22.476Z] [unzip] Entry: client/assets/provider-icons/auth_service_oidc.svg (compressed_size=414 bytes, uncompressed_size=858 bytes)
[debug] [2024-07-26T02:38:22.477Z] [unzip] Processing entry: client\assets\provider-icons\auth_service_oidc.svg
[debug] [2024-07-26T02:38:22.477Z] [unzip] else mkdir: C:\Users\sol33\.cache\firebase\emulators\ui-v1.13.0\client\assets\provider-icons
[debug] [2024-07-26T02:38:22.478Z] [unzip] deflating: C:\Users\sol33\.cache\firebase\emulators\ui-v1.13.0\client\assets\provider-icons\auth_service_oidc.svg
[debug] [2024-07-26T02:38:22.484Z] [unzip] Entry: client/browserconfig.xml (compressed_size=491 bytes, uncompressed_size=822 bytes)
[debug] [2024-07-26T02:38:22.485Z] [unzip] Processing entry: client\browserconfig.xml
[debug] [2024-07-26T02:38:22.485Z] [unzip] else mkdir: C:\Users\sol33\.cache\firebase\emulators\ui-v1.13.0\client
[debug] [2024-07-26T02:38:22.486Z] [unzip] deflating: C:\Users\sol33\.cache\firebase\emulators\ui-v1.13.0\client\browserconfig.xml
[debug] [2024-07-26T02:38:22.490Z] [unzip] Entry: client/favicon-32x32.png (compressed_size=475 bytes, uncompressed_size=475 bytes)
[debug] [2024-07-26T02:38:22.491Z] [unzip] Processing entry: client\favicon-32x32.png
[debug] [2024-07-26T02:38:22.491Z] [unzip] else mkdir: C:\Users\sol33\.cache\firebase\emulators\ui-v1.13.0\client
[debug] [2024-07-26T02:38:22.497Z] [unzip] Writing file: C:\Users\sol33\.cache\firebase\emulators\ui-v1.13.0\client\favicon-32x32.png
[debug] [2024-07-26T02:38:22.502Z] [unzip] Entry: server/ (compressed_size=0 bytes, uncompressed_size=0 bytes)
[debug] [2024-07-26T02:38:22.503Z] [unzip] Processing entry: server\
[debug] [2024-07-26T02:38:22.503Z] [unzip] mkdir: C:\Users\sol33\.cache\firebase\emulators\ui-v1.13.0\server\
[debug] [2024-07-26T02:38:22.506Z] [unzip] Entry: server/server.mjs.map (compressed_size=294629 bytes, uncompressed_size=1346672 bytes)
[debug] [2024-07-26T02:38:22.506Z] [unzip] Processing entry: server\server.mjs.map
[debug] [2024-07-26T02:38:22.506Z] [unzip] else mkdir: C:\Users\sol33\.cache\firebase\emulators\ui-v1.13.0\server
[debug] [2024-07-26T02:38:22.507Z] [unzip] deflating: C:\Users\sol33\.cache\firebase\emulators\ui-v1.13.0\server\server.mjs.map
[debug] [2024-07-26T02:38:22.555Z] [unzip] Entry: server/server.mjs (compressed_size=314679 bytes, uncompressed_size=1167517 bytes)
[debug] [2024-07-26T02:38:22.556Z] [unzip] Processing entry: server\server.mjs
[debug] [2024-07-26T02:38:22.557Z] [unzip] else mkdir: C:\Users\sol33\.cache\firebase\emulators\ui-v1.13.0\server
[debug] [2024-07-26T02:38:22.559Z] [unzip] deflating: C:\Users\sol33\.cache\firebase\emulators\ui-v1.13.0\server\server.mjs
[debug] [2024-07-26T02:38:22.600Z] [unzip] Entry: server/assets/ (compressed_size=0 bytes, uncompressed_size=0 bytes)
[debug] [2024-07-26T02:38:22.601Z] [unzip] Processing entry: server\assets\
[debug] [2024-07-26T02:38:22.602Z] [unzip] mkdir: C:\Users\sol33\.cache\firebase\emulators\ui-v1.13.0\server\assets\
[debug] [2024-07-26T02:38:22.605Z] [unzip] Entry: server/assets/multipart-parser-DGCUZdXu.mjs.map (compressed_size=4791 bytes, uncompressed_size=17918 bytes)
[debug] [2024-07-26T02:38:22.606Z] [unzip] Processing entry: server\assets\multipart-parser-DGCUZdXu.mjs.map
[debug] [2024-07-26T02:38:22.606Z] [unzip] else mkdir: C:\Users\sol33\.cache\firebase\emulators\ui-v1.13.0\server\assets
[debug] [2024-07-26T02:38:22.607Z] [unzip] deflating: C:\Users\sol33\.cache\firebase\emulators\ui-v1.13.0\server\assets\multipart-parser-DGCUZdXu.mjs.map
[debug] [2024-07-26T02:38:22.611Z] [unzip] Entry: server/assets/multipart-parser-DGCUZdXu.mjs (compressed_size=2621 bytes, uncompressed_size=10390 bytes)
[debug] [2024-07-26T02:38:22.618Z] [unzip] Processing entry: server\assets\multipart-parser-DGCUZdXu.mjs
[debug] [2024-07-26T02:38:22.619Z] [unzip] else mkdir: C:\Users\sol33\.cache\firebase\emulators\ui-v1.13.0\server\assets
[debug] [2024-07-26T02:38:22.620Z] [unzip] deflating: C:\Users\sol33\.cache\firebase\emulators\ui-v1.13.0\server\assets\multipart-parser-DGCUZdXu.mjs
[info] i  ui: Removing outdated emulator files: ui-v1.12.1 {"metadata":{"emulator":{"name":"ui"},"message":"Removing outdated emulator files: ui-v1.12.1"}}
[info] i  ui: Removing outdated emulator files: ui-v1.12.1.zip {"metadata":{"emulator":{"name":"ui"},"message":"Removing outdated emulator files: ui-v1.12.1.zip"}}
[debug] [2024-07-26T02:38:22.726Z] Ignoring unsupported arg: auto_download {"metadata":{"emulator":{"name":"ui"},"message":"Ignoring unsupported arg: auto_download"}}
[debug] [2024-07-26T02:38:22.727Z] Ignoring unsupported arg: port {"metadata":{"emulator":{"name":"ui"},"message":"Ignoring unsupported arg: port"}}
[debug] [2024-07-26T02:38:22.727Z] Starting Emulator UI with command {"binary":"node","args":["C:\\Users\\sol33\\.cache\\firebase\\emulators\\ui-v1.13.0\\server\\server.mjs"],"optionalArgs":[],"joinArgs":false,"shell":false} {"metadata":{"emulator":{"name":"ui"},"message":"Starting Emulator UI with command {\"binary\":\"node\",\"args\":[\"C:\\\\Users\\\\sol33\\\\.cache\\\\firebase\\\\emulators\\\\ui-v1.13.0\\\\server\\\\server.mjs\"],\"optionalArgs\":[],\"joinArgs\":false,\"shell\":false}"}}
[info] i  ui: Emulator UI logging to ui-debug.log {"metadata":{"emulator":{"name":"ui"},"message":"Emulator UI logging to \u001b[1mui-debug.log\u001b[22m"}}
[debug] [2024-07-26T02:38:23.639Z] Web / API server started at 127.0.0.1:4000
 {"metadata":{"emulator":{"name":"ui"},"message":"Web / API server started at 127.0.0.1:4000\n"}}
[debug] [2024-07-26T02:38:23.641Z] Web / API server started at ::1:4000
 {"metadata":{"emulator":{"name":"ui"},"message":"Web / API server started at ::1:4000\n"}}
[info] i  functions: Watching "C:\Users\sol33\OneDrive\Documents\Desktop\Amazon- Clone1\amazon-clone2\functions" for Cloud Functions... {"metadata":{"emulator":{"name":"functions"},"message":"Watching \"C:\\Users\\sol33\\OneDrive\\Documents\\Desktop\\Amazon- Clone1\\amazon-clone2\\functions\" for Cloud Functions..."}}
[debug] [2024-07-26T02:38:23.686Z] Validating nodejs source
[debug] [2024-07-26T02:38:29.683Z] > [functions] package.json contents: {
  "name": "functions",
  "description": "Cloud Functions for Firebase",
  "scripts": {
    "serve": "firebase emulators:start --only functions",
    "shell": "firebase functions:shell",
    "start": "npm run shell",
    "deploy": "firebase deploy --only functions",
    "logs": "firebase functions:log"
  },
  "engines": {
    "node": "18"
  },
  "main": "index.js",
  "dependencies": {
    "cors": "^2.8.5",
    "dotenv": "^16.4.5",
    "express": "^4.19.2",
    "firebase-admin": "^12.1.0",
    "firebase-functions": "^5.0.0",
    "stripe": "^16.2.0"
  },
  "devDependencies": {
    "firebase-functions-test": "^3.1.0"
  },
  "private": true
}
[debug] [2024-07-26T02:38:29.684Z] Building nodejs source
[debug] [2024-07-26T02:38:29.685Z] Failed to find version of module node: reached end of search path C:\Users\sol33\OneDrive\Documents\Desktop\Amazon- Clone1\amazon-clone2\functions\node_modules
[warn] !  functions: Your requested "node" version "18" doesn't match your global version "20". Using node@20 from host. 
[info] i  functions: Loaded environment variables from .env. 
[debug] [2024-07-26T02:38:29.700Z] Could not find functions.yaml. Must use http discovery
[debug] [2024-07-26T02:38:29.755Z] Found firebase-functions binary at 'C:\Users\sol33\OneDrive\Documents\Desktop\Amazon- Clone1\amazon-clone2\functions\node_modules\.bin\firebase-functions'
[info] Serving at port 8401

[debug] [2024-07-26T02:38:31.999Z] Got response from /__/functions.yaml {"endpoints":{"api":{"availableMemoryMb":null,"timeoutSeconds":null,"minInstances":null,"maxInstances":null,"ingressSettings":null,"concurrency":null,"serviceAccountEmail":null,"vpc":null,"platform":"gcfv2","labels":{},"httpsTrigger":{},"entryPoint":"api"}},"specVersion":"v1alpha1","requiredAPIs":[]}
[info] +  functions: Loaded functions definitions from source: api. {"metadata":{"emulator":{"name":"functions"},"message":"Loaded functions definitions from source: api."}}
[info] +  functions[us-central1-api]: http function initialized (http://127.0.0.1:5001/clone-39a6c/us-central1/api). {"metadata":{"emulator":{"name":"functions"},"message":"\u001b[1mhttp\u001b[22m function initialized (http://127.0.0.1:5001/clone-39a6c/us-central1/api)."}}
[info] 
┌─────────────────────────────────────────────────────────────┐
│ ✔  All emulators ready! It is now safe to connect your app. │
│ i  View Emulator UI at http://127.0.0.1:4000/               │
└─────────────────────────────────────────────────────────────┘

┌───────────┬────────────────┬─────────────────────────────────┐
│ Emulator  │ Host:Port      │ View in Emulator UI             │
├───────────┼────────────────┼─────────────────────────────────┤
│ Functions │ 127.0.0.1:5001 │ http://127.0.0.1:4000/functions │
└───────────┴────────────────┴─────────────────────────────────┘
  Emulator Hub running at 127.0.0.1:4400
  Other reserved ports: 4500

Issues? Report them at https://github.com/firebase/firebase-tools/issues and attach the *-debug.log files.
 
[debug] [2024-08-16T18:09:42.914Z] ----------------------------------------------------------------------
[debug] [2024-08-16T18:09:42.918Z] Command:       C:\Program Files\nodejs\node.exe C:\Users\sol33\AppData\Roaming\npm\node_modules\firebase-tools\lib\bin\firebase.js functions:shell
[debug] [2024-08-16T18:09:42.919Z] CLI Version:   13.14.0
[debug] [2024-08-16T18:09:42.919Z] Platform:      win32
[debug] [2024-08-16T18:09:42.919Z] Node Version:  v20.13.1
[debug] [2024-08-16T18:09:42.919Z] Time:          Fri Aug 16 2024 14:09:42 GMT-0400 (Eastern Daylight Time)
[debug] [2024-08-16T18:09:42.920Z] ----------------------------------------------------------------------
[debug] 
[debug] [2024-08-16T18:09:42.924Z] >>> [apiv2][query] GET https://firebase-public.firebaseio.com/cli.json [none]
[debug] [2024-08-16T18:09:43.133Z] > command requires scopes: ["email","openid","https://www.googleapis.com/auth/cloudplatformprojects.readonly","https://www.googleapis.com/auth/firebase","https://www.googleapis.com/auth/cloud-platform"]
[debug] [2024-08-16T18:09:43.134Z] > authorizing via signed-in user (sol339844@gmail.com)
[debug] [2024-08-16T18:09:43.134Z] [iam] checking project clone-39a6c for permissions ["firebase.projects.get"]
[debug] [2024-08-16T18:09:43.135Z] > refreshing access token with scopes: []
[debug] [2024-08-16T18:09:43.137Z] >>> [apiv2][query] POST https://www.googleapis.com/oauth2/v3/token [none]
[debug] [2024-08-16T18:09:43.137Z] >>> [apiv2][body] POST https://www.googleapis.com/oauth2/v3/token [omitted]
[debug] [2024-08-16T18:09:43.655Z] <<< [apiv2][status] POST https://www.googleapis.com/oauth2/v3/token 200
[debug] [2024-08-16T18:09:43.656Z] <<< [apiv2][body] POST https://www.googleapis.com/oauth2/v3/token [omitted]
[debug] [2024-08-16T18:09:43.664Z] >>> [apiv2][query] POST https://cloudresourcemanager.googleapis.com/v1/projects/clone-39a6c:testIamPermissions [none]
[debug] [2024-08-16T18:09:43.665Z] >>> [apiv2][(partial)header] POST https://cloudresourcemanager.googleapis.com/v1/projects/clone-39a6c:testIamPermissions x-goog-quota-user=projects/clone-39a6c
[debug] [2024-08-16T18:09:43.665Z] >>> [apiv2][body] POST https://cloudresourcemanager.googleapis.com/v1/projects/clone-39a6c:testIamPermissions {"permissions":["firebase.projects.get"]}
[debug] [2024-08-16T18:09:43.894Z] <<< [apiv2][status] GET https://firebase-public.firebaseio.com/cli.json 200
[debug] [2024-08-16T18:09:43.894Z] <<< [apiv2][body] GET https://firebase-public.firebaseio.com/cli.json {"cloudBuildErrorAfter":1594252800000,"cloudBuildWarnAfter":1590019200000,"defaultNode10After":1594252800000,"minVersion":"3.0.5","node8DeploysDisabledAfter":1613390400000,"node8RuntimeDisabledAfter":1615809600000,"node8WarnAfter":1600128000000}
[debug] [2024-08-16T18:09:45.241Z] <<< [apiv2][status] POST https://cloudresourcemanager.googleapis.com/v1/projects/clone-39a6c:testIamPermissions 200
[debug] [2024-08-16T18:09:45.241Z] <<< [apiv2][body] POST https://cloudresourcemanager.googleapis.com/v1/projects/clone-39a6c:testIamPermissions {"permissions":["firebase.projects.get"]}
[debug] [2024-08-16T18:09:45.250Z] [functions] Functions Emulator only supports listening on one address (127.0.0.1). Not listening on ::1
[debug] [2024-08-16T18:09:45.253Z] defaultcredentials: writing to file C:\Users\sol33\AppData\Roaming\firebase\sol339844_gmail_com_application_default_credentials.json
[debug] [2024-08-16T18:09:45.255Z] DEBUG: Setting GAC to C:\Users\sol33\AppData\Roaming\firebase\sol339844_gmail_com_application_default_credentials.json
[debug] [2024-08-16T18:09:45.255Z] >>> [apiv2][query] GET https://firebase.googleapis.com/v1beta1/projects/clone-39a6c/adminSdkConfig [none]
[debug] [2024-08-16T18:09:45.961Z] <<< [apiv2][status] GET https://firebase.googleapis.com/v1beta1/projects/clone-39a6c/adminSdkConfig 200
[debug] [2024-08-16T18:09:45.962Z] <<< [apiv2][body] GET https://firebase.googleapis.com/v1beta1/projects/clone-39a6c/adminSdkConfig {"projectId":"clone-39a6c","storageBucket":"clone-39a6c.appspot.com"}
[debug] [2024-08-16T18:09:45.985Z] [functions] Watching "C:\Users\sol33\OneDrive\Documents\Desktop\Amazon- Clone1\amazon-clone2\functions" for Cloud Functions...
[debug] [2024-08-16T18:09:45.993Z] Validating nodejs source
[debug] [2024-08-16T18:09:48.243Z] > [functions] package.json contents: {
  "name": "functions",
  "description": "Cloud Functions for Firebase",
  "scripts": {
    "serve": "firebase emulators:start --only functions",
    "shell": "firebase functions:shell",
    "start": "npm run shell",
    "deploy": "firebase deploy --only functions",
    "logs": "firebase functions:log"
  },
  "engines": {
    "node": "18"
  },
  "main": "index.js",
  "dependencies": {
    "cors": "^2.8.5",
    "dotenv": "^16.4.5",
    "express": "^4.19.2",
    "firebase-admin": "^12.1.0",
    "firebase-functions": "^5.0.0",
    "stripe": "^16.2.0"
  },
  "devDependencies": {
    "firebase-functions-test": "^3.1.0"
  },
  "private": true
}
[debug] [2024-08-16T18:09:48.243Z] Building nodejs source
[debug] [2024-08-16T18:09:48.244Z] Failed to find version of module node: reached end of search path C:\Users\sol33\OneDrive\Documents\Desktop\Amazon- Clone1\amazon-clone2\functions\node_modules
[warn] !  functions: Your requested "node" version "18" doesn't match your global version "20". Using node@20 from host. 
[info] i  functions: Loaded environment variables from .env. 
[debug] [2024-08-16T18:09:48.251Z] Could not find functions.yaml. Must use http discovery
[debug] [2024-08-16T18:09:48.264Z] Found firebase-functions binary at 'C:\Users\sol33\OneDrive\Documents\Desktop\Amazon- Clone1\amazon-clone2\functions\node_modules\.bin\firebase-functions'
[info] Serving at port 8751

[debug] [2024-08-16T18:09:49.624Z] Got response from /__/functions.yaml {"endpoints":{"api":{"availableMemoryMb":null,"timeoutSeconds":null,"minInstances":null,"maxInstances":null,"ingressSettings":null,"concurrency":null,"serviceAccountEmail":null,"vpc":null,"platform":"gcfv2","labels":{},"httpsTrigger":{},"entryPoint":"api"}},"specVersion":"v1alpha1","requiredAPIs":[]}
[debug] [2024-08-16T18:09:54.680Z] [functions] Loaded functions definitions from source: api.
[debug] [2024-08-16T18:09:54.681Z] [functions[us-central1-api]] http function initialized (http://127.0.0.1:5000/clone-39a6c/us-central1/api).
[info] i  functions: Loaded functions: api 
[warn] !  functions: The following emulators are not running, calls to these services will affect production: firestore, database, pubsub, storage, eventarc 
